2026-04-20T16:04:36.338+05:30  INFO 16624 --- [student_management_system] [main] l.p.s.StudentManagementSystemApplication : Starting StudentManagementSystemApplication using Java 17.0.12 with PID 16624 (C:\Users\Dilini\OneDrive\Documents\PayMedia\Tasks\student_management_system\target\classes started by Dilini in C:\Users\Dilini\OneDrive\Documents\PayMedia\Tasks\student_management_system)
2026-04-20T16:04:36.345+05:30  INFO 16624 --- [student_management_system] [main] l.p.s.StudentManagementSystemApplication : No active profile set, falling back to 1 default profile: "default"
2026-04-20T16:04:37.486+05:30  INFO 16624 --- [student_management_system] [main] .s.d.r.c.RepositoryConfigurationDelegate : Bootstrapping Spring Data JPA repositories in DEFAULT mode.
2026-04-20T16:04:37.589+05:30  INFO 16624 --- [student_management_system] [main] .s.d.r.c.RepositoryConfigurationDelegate : Finished Spring Data repository scanning in 89 ms. Found 7 JPA repository interfaces.
2026-04-20T16:04:38.353+05:30  INFO 16624 --- [student_management_system] [main] o.s.b.w.embedded.tomcat.TomcatWebServer  : Tomcat initialized with port 8080 (http)
2026-04-20T16:04:38.367+05:30  INFO 16624 --- [student_management_system] [main] o.apache.catalina.core.StandardService   : Starting service [Tomcat]
2026-04-20T16:04:38.367+05:30  INFO 16624 --- [student_management_system] [main] o.apache.catalina.core.StandardEngine    : Starting Servlet engine: [Apache Tomcat/10.1.53]
2026-04-20T16:04:38.418+05:30  INFO 16624 --- [student_management_system] [main] o.a.c.c.C.[.[localhost].[/api/v1]        : Initializing Spring embedded WebApplicationContext
2026-04-20T16:04:38.419+05:30  INFO 16624 --- [student_management_system] [main] w.s.c.ServletWebServerApplicationContext : Root WebApplicationContext: initialization completed in 2016 ms
2026-04-20T16:04:38.586+05:30  INFO 16624 --- [student_management_system] [main] o.hibernate.jpa.internal.util.LogHelper  : HHH000204: Processing PersistenceUnitInfo [name: default]
2026-04-20T16:04:38.695+05:30  INFO 16624 --- [student_management_system] [main] org.hibernate.Version                    : HHH000412: Hibernate ORM core version 6.6.45.Final
2026-04-20T16:04:38.748+05:30  INFO 16624 --- [student_management_system] [main] o.h.c.internal.RegionFactoryInitiator    : HHH000026: Second-level cache disabled
2026-04-20T16:04:39.220+05:30  INFO 16624 --- [student_management_system] [main] o.s.o.j.p.SpringPersistenceUnitInfo      : No LoadTimeWeaver setup: ignoring JPA class transformer
2026-04-20T16:04:39.251+05:30  INFO 16624 --- [student_management_system] [main] com.zaxxer.hikari.HikariDataSource       : HikariPool-1 - Starting...
2026-04-20T16:04:39.507+05:30  INFO 16624 --- [student_management_system] [main] com.zaxxer.hikari.pool.HikariPool        : HikariPool-1 - Added connection com.mysql.cj.jdbc.ConnectionImpl@225e09f0
2026-04-20T16:04:39.509+05:30  INFO 16624 --- [student_management_system] [main] com.zaxxer.hikari.HikariDataSource       : HikariPool-1 - Start completed.
2026-04-20T16:04:39.595+05:30  WARN 16624 --- [student_management_system] [main] org.hibernate.orm.deprecation            : HHH90000025: MySQLDialect does not need to be specified explicitly using 'hibernate.dialect' (remove the property setting and it will be selected by default)
2026-04-20T16:04:39.615+05:30  INFO 16624 --- [student_management_system] [main] org.hibernate.orm.connections.pooling    : HHH10001005: Database info:
	Database JDBC URL [Connecting through datasource 'HikariDataSource (HikariPool-1)']
	Database driver: undefined/unknown
	Database version: 9.1
	Autocommit mode: undefined/unknown
	Isolation level: undefined/unknown
	Minimum pool size: undefined/unknown
	Maximum pool size: undefined/unknown
2026-04-20T16:04:40.773+05:30  INFO 16624 --- [student_management_system] [main] o.h.e.t.j.p.i.JtaPlatformInitiator       : HHH000489: No JTA platform available (set 'hibernate.transaction.jta.platform' to enable JTA platform integration)
2026-04-20T16:04:40.959+05:30  INFO 16624 --- [student_management_system] [main] j.LocalContainerEntityManagerFactoryBean : Initialized JPA EntityManagerFactory for persistence unit 'default'
2026-04-20T16:04:41.509+05:30  INFO 16624 --- [student_management_system] [main] o.s.d.j.r.query.QueryEnhancerFactory     : Hibernate is in classpath; If applicable, HQL parser will be used.
2026-04-20T16:04:41.945+05:30  INFO 16624 --- [student_management_system] [main] eAuthenticationProviderManagerConfigurer : Global AuthenticationManager configured with AuthenticationProvider bean with name authenticationProvider
2026-04-20T16:04:41.946+05:30  WARN 16624 --- [student_management_system] [main] r$InitializeUserDetailsManagerConfigurer : Global AuthenticationManager configured with an AuthenticationProvider bean. UserDetailsService beans will not be used by Spring Security for automatically configuring username/password login. Consider removing the AuthenticationProvider bean. Alternatively, consider using the UserDetailsService in a manually instantiated DaoAuthenticationProvider. If the current configuration is intentional, to turn off this warning, increase the logging level of 'org.springframework.security.config.annotation.authentication.configuration.InitializeUserDetailsBeanManagerConfigurer' to ERROR
2026-04-20T16:04:42.100+05:30  WARN 16624 --- [student_management_system] [main] JpaBaseConfiguration$JpaWebConfiguration : spring.jpa.open-in-view is enabled by default. Therefore, database queries may be performed during view rendering. Explicitly configure spring.jpa.open-in-view to disable this warning
2026-04-20T16:04:42.812+05:30  INFO 16624 --- [student_management_system] [main] o.s.b.w.embedded.tomcat.TomcatWebServer  : Tomcat started on port 8080 (http) with context path '/api/v1'
2026-04-20T16:04:42.820+05:30  INFO 16624 --- [student_management_system] [main] l.p.s.StudentManagementSystemApplication : Started StudentManagementSystemApplication in 7.201 seconds (process running for 8.645)
2026-04-20T16:05:41.980+05:30  INFO 16624 --- [student_management_system] [http-nio-8080-exec-2] o.a.c.c.C.[.[localhost].[/api/v1]        : Initializing Spring DispatcherServlet 'dispatcherServlet'
2026-04-20T16:05:41.980+05:30  INFO 16624 --- [student_management_system] [http-nio-8080-exec-2] o.s.web.servlet.DispatcherServlet        : Initializing Servlet 'dispatcherServlet'
2026-04-20T16:05:41.982+05:30  INFO 16624 --- [student_management_system] [http-nio-8080-exec-2] o.s.web.servlet.DispatcherServlet        : Completed initialization in 1 ms
2026-04-20T16:05:42.144+05:30  INFO 16624 --- [student_management_system] [http-nio-8080-exec-2] l.p.s.controller.AuthController          : User login attempt for username: student4
2026-04-20T16:05:42.145+05:30  INFO 16624 --- [student_management_system] [http-nio-8080-exec-2] l.p.s.service.impl.AuthServiceImpl       : Login attempt initiated for user: student4
2026-04-20T16:05:42.620+05:30  INFO 16624 --- [student_management_system] [http-nio-8080-exec-2] l.p.s.service.impl.AuthServiceImpl       : JWT Token generated successfully for user: student4
2026-04-20T16:05:42.621+05:30  INFO 16624 --- [student_management_system] [http-nio-8080-exec-2] l.p.s.controller.AuthController          : User student4 logged in successfully
2026-04-20T16:08:16.034+05:30  INFO 16624 --- [student_management_system] [http-nio-8080-exec-6] l.p.s.controller.AuthController          : User login attempt for username: dilini
2026-04-20T16:08:16.035+05:30  INFO 16624 --- [student_management_system] [http-nio-8080-exec-6] l.p.s.service.impl.AuthServiceImpl       : Login attempt initiated for user: dilini
2026-04-20T16:08:16.195+05:30  INFO 16624 --- [student_management_system] [http-nio-8080-exec-6] l.p.s.service.impl.AuthServiceImpl       : JWT Token generated successfully for user: dilini
2026-04-20T16:08:16.195+05:30  INFO 16624 --- [student_management_system] [http-nio-8080-exec-6] l.p.s.controller.AuthController          : User dilini logged in successfully
2026-04-20T16:10:44.400+05:30  INFO 16624 --- [student_management_system] [SpringApplicationShutdownHook] o.s.b.w.e.tomcat.GracefulShutdown        : Commencing graceful shutdown. Waiting for active requests to complete
2026-04-20T16:10:44.559+05:30  INFO 16624 --- [student_management_system] [tomcat-shutdown] o.s.b.w.e.tomcat.GracefulShutdown        : Graceful shutdown complete
2026-04-20T16:10:44.564+05:30  INFO 16624 --- [student_management_system] [SpringApplicationShutdownHook] j.LocalContainerEntityManagerFactoryBean : Closing JPA EntityManagerFactory for persistence unit 'default'
2026-04-20T16:10:44.569+05:30  INFO 16624 --- [student_management_system] [SpringApplicationShutdownHook] com.zaxxer.hikari.HikariDataSource       : HikariPool-1 - Shutdown initiated...
2026-04-20T16:10:44.579+05:30  INFO 16624 --- [student_management_system] [SpringApplicationShutdownHook] com.zaxxer.hikari.HikariDataSource       : HikariPool-1 - Shutdown completed.
2026-04-20T16:10:54.018+05:30  INFO 20264 --- [student_management_system] [main] l.p.s.StudentManagementSystemApplication : Starting StudentManagementSystemApplication using Java 17.0.12 with PID 20264 (C:\Users\Dilini\OneDrive\Documents\PayMedia\Tasks\student_management_system\target\classes started by Dilini in C:\Users\Dilini\OneDrive\Documents\PayMedia\Tasks\student_management_system)
2026-04-20T16:10:54.022+05:30  INFO 20264 --- [student_management_system] [main] l.p.s.StudentManagementSystemApplication : No active profile set, falling back to 1 default profile: "default"
2026-04-20T16:10:55.044+05:30  INFO 20264 --- [student_management_system] [main] .s.d.r.c.RepositoryConfigurationDelegate : Bootstrapping Spring Data JPA repositories in DEFAULT mode.
2026-04-20T16:10:55.138+05:30  INFO 20264 --- [student_management_system] [main] .s.d.r.c.RepositoryConfigurationDelegate : Finished Spring Data repository scanning in 82 ms. Found 7 JPA repository interfaces.
2026-04-20T16:10:55.748+05:30  INFO 20264 --- [student_management_system] [main] o.s.b.w.embedded.tomcat.TomcatWebServer  : Tomcat initialized with port 8080 (http)
2026-04-20T16:10:55.759+05:30  INFO 20264 --- [student_management_system] [main] o.apache.catalina.core.StandardService   : Starting service [Tomcat]
2026-04-20T16:10:55.760+05:30  INFO 20264 --- [student_management_system] [main] o.apache.catalina.core.StandardEngine    : Starting Servlet engine: [Apache Tomcat/10.1.53]
2026-04-20T16:10:55.806+05:30  INFO 20264 --- [student_management_system] [main] o.a.c.c.C.[.[localhost].[/api/v1]        : Initializing Spring embedded WebApplicationContext
2026-04-20T16:10:55.807+05:30  INFO 20264 --- [student_management_system] [main] w.s.c.ServletWebServerApplicationContext : Root WebApplicationContext: initialization completed in 1718 ms
2026-04-20T16:10:55.935+05:30  INFO 20264 --- [student_management_system] [main] o.hibernate.jpa.internal.util.LogHelper  : HHH000204: Processing PersistenceUnitInfo [name: default]
2026-04-20T16:10:56.040+05:30  INFO 20264 --- [student_management_system] [main] org.hibernate.Version                    : HHH000412: Hibernate ORM core version 6.6.45.Final
2026-04-20T16:10:56.096+05:30  INFO 20264 --- [student_management_system] [main] o.h.c.internal.RegionFactoryInitiator    : HHH000026: Second-level cache disabled
2026-04-20T16:10:56.411+05:30  INFO 20264 --- [student_management_system] [main] o.s.o.j.p.SpringPersistenceUnitInfo      : No LoadTimeWeaver setup: ignoring JPA class transformer
2026-04-20T16:10:56.446+05:30  INFO 20264 --- [student_management_system] [main] com.zaxxer.hikari.HikariDataSource       : HikariPool-1 - Starting...
2026-04-20T16:10:56.644+05:30  INFO 20264 --- [student_management_system] [main] com.zaxxer.hikari.pool.HikariPool        : HikariPool-1 - Added connection com.mysql.cj.jdbc.ConnectionImpl@5b3755f4
2026-04-20T16:10:56.645+05:30  INFO 20264 --- [student_management_system] [main] com.zaxxer.hikari.HikariDataSource       : HikariPool-1 - Start completed.
2026-04-20T16:10:56.700+05:30  WARN 20264 --- [student_management_system] [main] org.hibernate.orm.deprecation            : HHH90000025: MySQLDialect does not need to be specified explicitly using 'hibernate.dialect' (remove the property setting and it will be selected by default)
2026-04-20T16:10:56.718+05:30  INFO 20264 --- [student_management_system] [main] org.hibernate.orm.connections.pooling    : HHH10001005: Database info:
	Database JDBC URL [Connecting through datasource 'HikariDataSource (HikariPool-1)']
	Database driver: undefined/unknown
	Database version: 9.1
	Autocommit mode: undefined/unknown
	Isolation level: undefined/unknown
	Minimum pool size: undefined/unknown
	Maximum pool size: undefined/unknown
2026-04-20T16:10:57.890+05:30  INFO 20264 --- [student_management_system] [main] o.h.e.t.j.p.i.JtaPlatformInitiator       : HHH000489: No JTA platform available (set 'hibernate.transaction.jta.platform' to enable JTA platform integration)
2026-04-20T16:10:57.999+05:30  INFO 20264 --- [student_management_system] [main] j.LocalContainerEntityManagerFactoryBean : Initialized JPA EntityManagerFactory for persistence unit 'default'
2026-04-20T16:10:58.399+05:30  INFO 20264 --- [student_management_system] [main] o.s.d.j.r.query.QueryEnhancerFactory     : Hibernate is in classpath; If applicable, HQL parser will be used.
2026-04-20T16:10:58.775+05:30  INFO 20264 --- [student_management_system] [main] eAuthenticationProviderManagerConfigurer : Global AuthenticationManager configured with AuthenticationProvider bean with name authenticationProvider
2026-04-20T16:10:58.776+05:30  WARN 20264 --- [student_management_system] [main] r$InitializeUserDetailsManagerConfigurer : Global AuthenticationManager configured with an AuthenticationProvider bean. UserDetailsService beans will not be used by Spring Security for automatically configuring username/password login. Consider removing the AuthenticationProvider bean. Alternatively, consider using the UserDetailsService in a manually instantiated DaoAuthenticationProvider. If the current configuration is intentional, to turn off this warning, increase the logging level of 'org.springframework.security.config.annotation.authentication.configuration.InitializeUserDetailsBeanManagerConfigurer' to ERROR
2026-04-20T16:10:58.974+05:30  WARN 20264 --- [student_management_system] [main] JpaBaseConfiguration$JpaWebConfiguration : spring.jpa.open-in-view is enabled by default. Therefore, database queries may be performed during view rendering. Explicitly configure spring.jpa.open-in-view to disable this warning
2026-04-20T16:10:59.546+05:30  INFO 20264 --- [student_management_system] [main] o.s.b.w.embedded.tomcat.TomcatWebServer  : Tomcat started on port 8080 (http) with context path '/api/v1'
2026-04-20T16:10:59.554+05:30  INFO 20264 --- [student_management_system] [main] l.p.s.StudentManagementSystemApplication : Started StudentManagementSystemApplication in 6.073 seconds (process running for 7.091)
2026-04-20T16:11:15.776+05:30  INFO 20264 --- [student_management_system] [http-nio-8080-exec-2] o.a.c.c.C.[.[localhost].[/api/v1]        : Initializing Spring DispatcherServlet 'dispatcherServlet'
2026-04-20T16:11:15.776+05:30  INFO 20264 --- [student_management_system] [http-nio-8080-exec-2] o.s.web.servlet.DispatcherServlet        : Initializing Servlet 'dispatcherServlet'
2026-04-20T16:11:15.778+05:30  INFO 20264 --- [student_management_system] [http-nio-8080-exec-2] o.s.web.servlet.DispatcherServlet        : Completed initialization in 2 ms
2026-04-20T16:11:15.925+05:30  INFO 20264 --- [student_management_system] [http-nio-8080-exec-2] l.p.s.controller.AuthController          : User login attempt for username: dilini
2026-04-20T16:11:15.925+05:30  INFO 20264 --- [student_management_system] [http-nio-8080-exec-2] l.p.s.service.impl.AuthServiceImpl       : Login attempt initiated for user: dilini
2026-04-20T16:11:16.345+05:30  INFO 20264 --- [student_management_system] [http-nio-8080-exec-2] l.p.s.service.impl.AuthServiceImpl       : JWT Token generated successfully for user: dilini
2026-04-20T16:11:16.346+05:30  INFO 20264 --- [student_management_system] [http-nio-8080-exec-2] l.p.s.controller.AuthController          : User dilini logged in successfully
2026-04-20T16:11:30.932+05:30  INFO 20264 --- [student_management_system] [http-nio-8080-exec-3] l.p.s.service.impl.ResultServiceImpl     : Fetching results for student: dilini
2026-04-20T16:11:30.968+05:30  INFO 20264 --- [student_management_system] [http-nio-8080-exec-3] l.p.s.service.impl.ResultServiceImpl     : Results fetched successfully for student: dilini
2026-04-20T16:15:06.135+05:30  INFO 20264 --- [student_management_system] [SpringApplicationShutdownHook] o.s.b.w.e.tomcat.GracefulShutdown        : Commencing graceful shutdown. Waiting for active requests to complete
2026-04-20T16:15:06.448+05:30  INFO 20264 --- [student_management_system] [tomcat-shutdown] o.s.b.w.e.tomcat.GracefulShutdown        : Graceful shutdown complete
2026-04-20T16:15:06.453+05:30  INFO 20264 --- [student_management_system] [SpringApplicationShutdownHook] j.LocalContainerEntityManagerFactoryBean : Closing JPA EntityManagerFactory for persistence unit 'default'
2026-04-20T16:15:06.455+05:30  INFO 20264 --- [student_management_system] [SpringApplicationShutdownHook] com.zaxxer.hikari.HikariDataSource       : HikariPool-1 - Shutdown initiated...
2026-04-20T16:15:06.471+05:30  INFO 20264 --- [student_management_system] [SpringApplicationShutdownHook] com.zaxxer.hikari.HikariDataSource       : HikariPool-1 - Shutdown completed.
2026-04-20T16:15:16.050+05:30  INFO 20244 --- [student_management_system] [main] l.p.s.StudentManagementSystemApplication : Starting StudentManagementSystemApplication using Java 17.0.12 with PID 20244 (C:\Users\Dilini\OneDrive\Documents\PayMedia\Tasks\student_management_system\target\classes started by Dilini in C:\Users\Dilini\OneDrive\Documents\PayMedia\Tasks\student_management_system)
2026-04-20T16:15:16.052+05:30  INFO 20244 --- [student_management_system] [main] l.p.s.StudentManagementSystemApplication : No active profile set, falling back to 1 default profile: "default"
2026-04-20T16:15:17.693+05:30  INFO 20244 --- [student_management_system] [main] .s.d.r.c.RepositoryConfigurationDelegate : Bootstrapping Spring Data JPA repositories in DEFAULT mode.
2026-04-20T16:15:17.806+05:30  INFO 20244 --- [student_management_system] [main] .s.d.r.c.RepositoryConfigurationDelegate : Finished Spring Data repository scanning in 102 ms. Found 7 JPA repository interfaces.
2026-04-20T16:15:18.737+05:30  INFO 20244 --- [student_management_system] [main] o.s.b.w.embedded.tomcat.TomcatWebServer  : Tomcat initialized with port 8080 (http)
2026-04-20T16:15:18.753+05:30  INFO 20244 --- [student_management_system] [main] o.apache.catalina.core.StandardService   : Starting service [Tomcat]
2026-04-20T16:15:18.753+05:30  INFO 20244 --- [student_management_system] [main] o.apache.catalina.core.StandardEngine    : Starting Servlet engine: [Apache Tomcat/10.1.53]
2026-04-20T16:15:18.809+05:30  INFO 20244 --- [student_management_system] [main] o.a.c.c.C.[.[localhost].[/api/v1]        : Initializing Spring embedded WebApplicationContext
2026-04-20T16:15:18.810+05:30  INFO 20244 --- [student_management_system] [main] w.s.c.ServletWebServerApplicationContext : Root WebApplicationContext: initialization completed in 2711 ms
2026-04-20T16:15:18.982+05:30  INFO 20244 --- [student_management_system] [main] o.hibernate.jpa.internal.util.LogHelper  : HHH000204: Processing PersistenceUnitInfo [name: default]
2026-04-20T16:15:19.072+05:30  INFO 20244 --- [student_management_system] [main] org.hibernate.Version                    : HHH000412: Hibernate ORM core version 6.6.45.Final
2026-04-20T16:15:19.115+05:30  INFO 20244 --- [student_management_system] [main] o.h.c.internal.RegionFactoryInitiator    : HHH000026: Second-level cache disabled
2026-04-20T16:15:19.558+05:30  INFO 20244 --- [student_management_system] [main] o.s.o.j.p.SpringPersistenceUnitInfo      : No LoadTimeWeaver setup: ignoring JPA class transformer
2026-04-20T16:15:19.606+05:30  INFO 20244 --- [student_management_system] [main] com.zaxxer.hikari.HikariDataSource       : HikariPool-1 - Starting...
2026-04-20T16:15:19.837+05:30  INFO 20244 --- [student_management_system] [main] com.zaxxer.hikari.pool.HikariPool        : HikariPool-1 - Added connection com.mysql.cj.jdbc.ConnectionImpl@2fa212df
2026-04-20T16:15:19.839+05:30  INFO 20244 --- [student_management_system] [main] com.zaxxer.hikari.HikariDataSource       : HikariPool-1 - Start completed.
2026-04-20T16:15:19.904+05:30  WARN 20244 --- [student_management_system] [main] org.hibernate.orm.deprecation            : HHH90000025: MySQLDialect does not need to be specified explicitly using 'hibernate.dialect' (remove the property setting and it will be selected by default)
2026-04-20T16:15:19.928+05:30  INFO 20244 --- [student_management_system] [main] org.hibernate.orm.connections.pooling    : HHH10001005: Database info:
	Database JDBC URL [Connecting through datasource 'HikariDataSource (HikariPool-1)']
	Database driver: undefined/unknown
	Database version: 9.1
	Autocommit mode: undefined/unknown
	Isolation level: undefined/unknown
	Minimum pool size: undefined/unknown
	Maximum pool size: undefined/unknown
2026-04-20T16:15:21.405+05:30  INFO 20244 --- [student_management_system] [main] o.h.e.t.j.p.i.JtaPlatformInitiator       : HHH000489: No JTA platform available (set 'hibernate.transaction.jta.platform' to enable JTA platform integration)
2026-04-20T16:15:21.536+05:30  INFO 20244 --- [student_management_system] [main] j.LocalContainerEntityManagerFactoryBean : Initialized JPA EntityManagerFactory for persistence unit 'default'
2026-04-20T16:15:22.170+05:30  INFO 20244 --- [student_management_system] [main] o.s.d.j.r.query.QueryEnhancerFactory     : Hibernate is in classpath; If applicable, HQL parser will be used.
2026-04-20T16:15:22.654+05:30  INFO 20244 --- [student_management_system] [main] eAuthenticationProviderManagerConfigurer : Global AuthenticationManager configured with AuthenticationProvider bean with name authenticationProvider
2026-04-20T16:15:22.654+05:30  WARN 20244 --- [student_management_system] [main] r$InitializeUserDetailsManagerConfigurer : Global AuthenticationManager configured with an AuthenticationProvider bean. UserDetailsService beans will not be used by Spring Security for automatically configuring username/password login. Consider removing the AuthenticationProvider bean. Alternatively, consider using the UserDetailsService in a manually instantiated DaoAuthenticationProvider. If the current configuration is intentional, to turn off this warning, increase the logging level of 'org.springframework.security.config.annotation.authentication.configuration.InitializeUserDetailsBeanManagerConfigurer' to ERROR
2026-04-20T16:15:22.855+05:30  WARN 20244 --- [student_management_system] [main] JpaBaseConfiguration$JpaWebConfiguration : spring.jpa.open-in-view is enabled by default. Therefore, database queries may be performed during view rendering. Explicitly configure spring.jpa.open-in-view to disable this warning
2026-04-20T16:15:23.678+05:30  INFO 20244 --- [student_management_system] [main] o.s.b.w.embedded.tomcat.TomcatWebServer  : Tomcat started on port 8080 (http) with context path '/api/v1'
2026-04-20T16:15:23.688+05:30  INFO 20244 --- [student_management_system] [main] l.p.s.StudentManagementSystemApplication : Started StudentManagementSystemApplication in 8.266 seconds (process running for 9.11)
2026-04-20T16:22:05.984+05:30  WARN 20244 --- [student_management_system] [HikariPool-1:housekeeper] com.zaxxer.hikari.pool.HikariPool        : HikariPool-1 - Thread starvation or clock leap detected (housekeeper delta=3m15s965ms329µs900ns).
2026-04-20T16:49:00.863+05:30  WARN 20244 --- [student_management_system] [HikariPool-1:housekeeper] com.zaxxer.hikari.pool.HikariPool        : HikariPool-1 - Thread starvation or clock leap detected (housekeeper delta=26m54s879ms528µs800ns).
2026-04-20T17:44:53.611+05:30  WARN 20244 --- [student_management_system] [HikariPool-1:housekeeper] com.zaxxer.hikari.pool.HikariPool        : HikariPool-1 - Thread starvation or clock leap detected (housekeeper delta=19m21s838ms727µs800ns).
2026-04-20T17:47:19.839+05:30  WARN 20244 --- [student_management_system] [HikariPool-1:housekeeper] com.zaxxer.hikari.pool.HikariPool        : HikariPool-1 - Thread starvation or clock leap detected (housekeeper delta=2m26s464ms833µs500ns).
2026-04-20T17:52:59.620+05:30  INFO 20244 --- [student_management_system] [SpringApplicationShutdownHook] o.s.b.w.e.tomcat.GracefulShutdown        : Commencing graceful shutdown. Waiting for active requests to complete
2026-04-20T17:52:59.983+05:30  INFO 20244 --- [student_management_system] [tomcat-shutdown] o.s.b.w.e.tomcat.GracefulShutdown        : Graceful shutdown complete
2026-04-20T17:53:00.029+05:30  INFO 20244 --- [student_management_system] [SpringApplicationShutdownHook] j.LocalContainerEntityManagerFactoryBean : Closing JPA EntityManagerFactory for persistence unit 'default'
2026-04-20T17:53:00.102+05:30  INFO 20244 --- [student_management_system] [SpringApplicationShutdownHook] com.zaxxer.hikari.HikariDataSource       : HikariPool-1 - Shutdown initiated...
2026-04-20T17:53:00.126+05:30  INFO 20244 --- [student_management_system] [SpringApplicationShutdownHook] com.zaxxer.hikari.HikariDataSource       : HikariPool-1 - Shutdown completed.
